[0.639s] Invoking command in '/home/kanta/ros2_ws/src/mypkg': CONDA_PROMPT_MODIFIER=(base) PYTHONPATH=/home/kanta/ros2_ws/src/mypkg/build/mypkg/prefix_override:/usr/lib/python3/dist-packages/colcon_core/task/python/colcon_distutils_commands:/home/kanta/ros2_ws/src/mypkg/install/mypkg/lib/python3.10/site-packages:${PYTHONPATH} /usr/bin/python3 -W ignore:setup.py install is deprecated -W ignore:easy_install command is deprecated setup.py egg_info --egg-base build/mypkg build --build-base /home/kanta/ros2_ws/src/mypkg/build/mypkg/build install --record /home/kanta/ros2_ws/src/mypkg/build/mypkg/install.log --single-version-externally-managed install_data
[0.881s] running egg_info
[0.882s] writing build/mypkg/mypkg.egg-info/PKG-INFO
[0.883s] writing dependency_links to build/mypkg/mypkg.egg-info/dependency_links.txt
[0.884s] writing entry points to build/mypkg/mypkg.egg-info/entry_points.txt
[0.884s] writing requirements to build/mypkg/mypkg.egg-info/requires.txt
[0.884s] writing top-level names to build/mypkg/mypkg.egg-info/top_level.txt
[0.886s] reading manifest file 'build/mypkg/mypkg.egg-info/SOURCES.txt'
[0.886s] adding license file 'LICENSE'
[0.888s] writing manifest file 'build/mypkg/mypkg.egg-info/SOURCES.txt'
[0.888s] running build
[0.888s] running build_py
[0.888s] copying mypkg/talker.py -> /home/kanta/ros2_ws/src/mypkg/build/mypkg/build/lib/mypkg
[0.889s] running install
[0.889s] running install_lib
[0.890s] copying /home/kanta/ros2_ws/src/mypkg/build/mypkg/build/lib/mypkg/talker.py -> /home/kanta/ros2_ws/src/mypkg/install/mypkg/lib/python3.10/site-packages/mypkg
[0.891s] byte-compiling /home/kanta/ros2_ws/src/mypkg/install/mypkg/lib/python3.10/site-packages/mypkg/talker.py to talker.cpython-310.pyc
[0.892s] running install_data
[0.892s] running install_egg_info
[0.894s] removing '/home/kanta/ros2_ws/src/mypkg/install/mypkg/lib/python3.10/site-packages/mypkg-0.0.0-py3.10.egg-info' (and everything under it)
[0.895s] Copying build/mypkg/mypkg.egg-info to /home/kanta/ros2_ws/src/mypkg/install/mypkg/lib/python3.10/site-packages/mypkg-0.0.0-py3.10.egg-info
[0.896s] running install_scripts
[0.923s] Installing listener script to /home/kanta/ros2_ws/src/mypkg/install/mypkg/lib/mypkg
[0.924s] Installing talker script to /home/kanta/ros2_ws/src/mypkg/install/mypkg/lib/mypkg
[0.924s] writing list of installed files to '/home/kanta/ros2_ws/src/mypkg/build/mypkg/install.log'
[0.954s] Invoked command in '/home/kanta/ros2_ws/src/mypkg' returned '0': CONDA_PROMPT_MODIFIER=(base) PYTHONPATH=/home/kanta/ros2_ws/src/mypkg/build/mypkg/prefix_override:/usr/lib/python3/dist-packages/colcon_core/task/python/colcon_distutils_commands:/home/kanta/ros2_ws/src/mypkg/install/mypkg/lib/python3.10/site-packages:${PYTHONPATH} /usr/bin/python3 -W ignore:setup.py install is deprecated -W ignore:easy_install command is deprecated setup.py egg_info --egg-base build/mypkg build --build-base /home/kanta/ros2_ws/src/mypkg/build/mypkg/build install --record /home/kanta/ros2_ws/src/mypkg/build/mypkg/install.log --single-version-externally-managed install_data
