[0.824s] Invoking command in '/home/kanta/ros2_ws/src/mypkg': CONDA_PROMPT_MODIFIER=(base) PYTHONPATH=/home/kanta/ros2_ws/src/mypkg/build/mypkg/prefix_override:/usr/lib/python3/dist-packages/colcon_core/task/python/colcon_distutils_commands:/home/kanta/ros2_ws/src/mypkg/install/mypkg/lib/python3.10/site-packages:${PYTHONPATH} /usr/bin/python3 -W ignore:setup.py install is deprecated -W ignore:easy_install command is deprecated setup.py egg_info --egg-base build/mypkg build --build-base /home/kanta/ros2_ws/src/mypkg/build/mypkg/build install --record /home/kanta/ros2_ws/src/mypkg/build/mypkg/install.log --single-version-externally-managed install_data
[1.053s] running egg_info
[1.054s] creating build/mypkg/mypkg.egg-info
[1.055s] writing build/mypkg/mypkg.egg-info/PKG-INFO
[1.055s] writing dependency_links to build/mypkg/mypkg.egg-info/dependency_links.txt
[1.055s] writing entry points to build/mypkg/mypkg.egg-info/entry_points.txt
[1.056s] writing requirements to build/mypkg/mypkg.egg-info/requires.txt
[1.056s] writing top-level names to build/mypkg/mypkg.egg-info/top_level.txt
[1.056s] writing manifest file 'build/mypkg/mypkg.egg-info/SOURCES.txt'
[1.061s] reading manifest file 'build/mypkg/mypkg.egg-info/SOURCES.txt'
[1.061s] adding license file 'LICENSE'
[1.063s] writing manifest file 'build/mypkg/mypkg.egg-info/SOURCES.txt'
[1.063s] running build
[1.063s] running build_py
[1.064s] creating /home/kanta/ros2_ws/src/mypkg/build/mypkg/build
[1.064s] creating /home/kanta/ros2_ws/src/mypkg/build/mypkg/build/lib
[1.064s] creating /home/kanta/ros2_ws/src/mypkg/build/mypkg/build/lib/mypkg
[1.066s] copying mypkg/talker.py -> /home/kanta/ros2_ws/src/mypkg/build/mypkg/build/lib/mypkg
[1.067s] copying mypkg/__init__.py -> /home/kanta/ros2_ws/src/mypkg/build/mypkg/build/lib/mypkg
[1.067s] copying mypkg/listener.py -> /home/kanta/ros2_ws/src/mypkg/build/mypkg/build/lib/mypkg
[1.068s] running install
[1.068s] running install_lib
[1.069s] creating /home/kanta/ros2_ws/src/mypkg/install/mypkg/lib/python3.10/site-packages/mypkg
[1.070s] copying /home/kanta/ros2_ws/src/mypkg/build/mypkg/build/lib/mypkg/talker.py -> /home/kanta/ros2_ws/src/mypkg/install/mypkg/lib/python3.10/site-packages/mypkg
[1.070s] copying /home/kanta/ros2_ws/src/mypkg/build/mypkg/build/lib/mypkg/__init__.py -> /home/kanta/ros2_ws/src/mypkg/install/mypkg/lib/python3.10/site-packages/mypkg
[1.070s] copying /home/kanta/ros2_ws/src/mypkg/build/mypkg/build/lib/mypkg/listener.py -> /home/kanta/ros2_ws/src/mypkg/install/mypkg/lib/python3.10/site-packages/mypkg
[1.070s] byte-compiling /home/kanta/ros2_ws/src/mypkg/install/mypkg/lib/python3.10/site-packages/mypkg/talker.py to talker.cpython-310.pyc
[1.071s] byte-compiling /home/kanta/ros2_ws/src/mypkg/install/mypkg/lib/python3.10/site-packages/mypkg/__init__.py to __init__.cpython-310.pyc
[1.072s] byte-compiling /home/kanta/ros2_ws/src/mypkg/install/mypkg/lib/python3.10/site-packages/mypkg/listener.py to listener.cpython-310.pyc
[1.072s] running install_data
[1.072s] creating /home/kanta/ros2_ws/src/mypkg/install/mypkg/share/ament_index
[1.072s] creating /home/kanta/ros2_ws/src/mypkg/install/mypkg/share/ament_index/resource_index
[1.073s] creating /home/kanta/ros2_ws/src/mypkg/install/mypkg/share/ament_index/resource_index/packages
[1.073s] copying resource/mypkg -> /home/kanta/ros2_ws/src/mypkg/install/mypkg/share/ament_index/resource_index/packages
[1.073s] copying package.xml -> /home/kanta/ros2_ws/src/mypkg/install/mypkg/share/mypkg
[1.074s] copying launch/talk_listen.launch.py -> /home/kanta/ros2_ws/src/mypkg/install/mypkg/share/mypkg
[1.074s] running install_egg_info
[1.077s] Copying build/mypkg/mypkg.egg-info to /home/kanta/ros2_ws/src/mypkg/install/mypkg/lib/python3.10/site-packages/mypkg-0.0.0-py3.10.egg-info
[1.078s] running install_scripts
[1.102s] Installing listener script to /home/kanta/ros2_ws/src/mypkg/install/mypkg/lib/mypkg
[1.102s] Installing talker script to /home/kanta/ros2_ws/src/mypkg/install/mypkg/lib/mypkg
[1.103s] writing list of installed files to '/home/kanta/ros2_ws/src/mypkg/build/mypkg/install.log'
[1.133s] Invoked command in '/home/kanta/ros2_ws/src/mypkg' returned '0': CONDA_PROMPT_MODIFIER=(base) PYTHONPATH=/home/kanta/ros2_ws/src/mypkg/build/mypkg/prefix_override:/usr/lib/python3/dist-packages/colcon_core/task/python/colcon_distutils_commands:/home/kanta/ros2_ws/src/mypkg/install/mypkg/lib/python3.10/site-packages:${PYTHONPATH} /usr/bin/python3 -W ignore:setup.py install is deprecated -W ignore:easy_install command is deprecated setup.py egg_info --egg-base build/mypkg build --build-base /home/kanta/ros2_ws/src/mypkg/build/mypkg/build install --record /home/kanta/ros2_ws/src/mypkg/build/mypkg/install.log --single-version-externally-managed install_data
