[0.792s] Invoking command in '/home/kanta/ros2_ws/src/mypkg': CONDA_PROMPT_MODIFIER=(base) PYTHONPATH=/home/kanta/ros2_ws/src/mypkg/build/mypkg/prefix_override:/usr/lib/python3/dist-packages/colcon_core/task/python/colcon_distutils_commands:/home/kanta/ros2_ws/src/mypkg/install/mypkg/lib/python3.10/site-packages:${PYTHONPATH} /usr/bin/python3 -W ignore:setup.py install is deprecated -W ignore:easy_install command is deprecated setup.py egg_info --egg-base build/mypkg build --build-base /home/kanta/ros2_ws/src/mypkg/build/mypkg/build install --record /home/kanta/ros2_ws/src/mypkg/build/mypkg/install.log --single-version-externally-managed install_data
[1.106s] running egg_info
[1.108s] writing build/mypkg/mypkg.egg-info/PKG-INFO
[1.109s] writing dependency_links to build/mypkg/mypkg.egg-info/dependency_links.txt
[1.110s] writing entry points to build/mypkg/mypkg.egg-info/entry_points.txt
[1.110s] writing requirements to build/mypkg/mypkg.egg-info/requires.txt
[1.111s] writing top-level names to build/mypkg/mypkg.egg-info/top_level.txt
[1.116s] reading manifest file 'build/mypkg/mypkg.egg-info/SOURCES.txt'
[1.118s] adding license file 'LICENSE'
[1.120s] writing manifest file 'build/mypkg/mypkg.egg-info/SOURCES.txt'
[1.120s] running build
[1.120s] running build_py
[1.120s] copying mypkg/talker.py -> /home/kanta/ros2_ws/src/mypkg/build/mypkg/build/lib/mypkg
[1.121s] copying mypkg/listener.py -> /home/kanta/ros2_ws/src/mypkg/build/mypkg/build/lib/mypkg
[1.121s] running install
[1.122s] running install_lib
[1.124s] copying /home/kanta/ros2_ws/src/mypkg/build/mypkg/build/lib/mypkg/talker.py -> /home/kanta/ros2_ws/src/mypkg/install/mypkg/lib/python3.10/site-packages/mypkg
[1.125s] copying /home/kanta/ros2_ws/src/mypkg/build/mypkg/build/lib/mypkg/listener.py -> /home/kanta/ros2_ws/src/mypkg/install/mypkg/lib/python3.10/site-packages/mypkg
[1.126s] byte-compiling /home/kanta/ros2_ws/src/mypkg/install/mypkg/lib/python3.10/site-packages/mypkg/talker.py to talker.cpython-310.pyc
[1.127s] byte-compiling /home/kanta/ros2_ws/src/mypkg/install/mypkg/lib/python3.10/site-packages/mypkg/listener.py to listener.cpython-310.pyc
[1.128s] running install_data
[1.128s] running install_egg_info
[1.132s] removing '/home/kanta/ros2_ws/src/mypkg/install/mypkg/lib/python3.10/site-packages/mypkg-0.0.0-py3.10.egg-info' (and everything under it)
[1.132s] Copying build/mypkg/mypkg.egg-info to /home/kanta/ros2_ws/src/mypkg/install/mypkg/lib/python3.10/site-packages/mypkg-0.0.0-py3.10.egg-info
[1.135s] running install_scripts
[1.166s] Installing listener script to /home/kanta/ros2_ws/src/mypkg/install/mypkg/lib/mypkg
[1.166s] Installing talker script to /home/kanta/ros2_ws/src/mypkg/install/mypkg/lib/mypkg
[1.166s] writing list of installed files to '/home/kanta/ros2_ws/src/mypkg/build/mypkg/install.log'
[1.201s] Invoked command in '/home/kanta/ros2_ws/src/mypkg' returned '0': CONDA_PROMPT_MODIFIER=(base) PYTHONPATH=/home/kanta/ros2_ws/src/mypkg/build/mypkg/prefix_override:/usr/lib/python3/dist-packages/colcon_core/task/python/colcon_distutils_commands:/home/kanta/ros2_ws/src/mypkg/install/mypkg/lib/python3.10/site-packages:${PYTHONPATH} /usr/bin/python3 -W ignore:setup.py install is deprecated -W ignore:easy_install command is deprecated setup.py egg_info --egg-base build/mypkg build --build-base /home/kanta/ros2_ws/src/mypkg/build/mypkg/build install --record /home/kanta/ros2_ws/src/mypkg/build/mypkg/install.log --single-version-externally-managed install_data
