[0.901s] Invoking command in '/home/kanta/ros2_ws/src/mypkg': CONDA_PROMPT_MODIFIER=(base) PYTHONPATH=/home/kanta/ros2_ws/src/mypkg/build/mypkg/prefix_override:/usr/lib/python3/dist-packages/colcon_core/task/python/colcon_distutils_commands:/home/kanta/ros2_ws/src/mypkg/install/mypkg/lib/python3.10/site-packages:${PYTHONPATH} /usr/bin/python3 -W ignore:setup.py install is deprecated -W ignore:easy_install command is deprecated setup.py egg_info --egg-base build/mypkg build --build-base /home/kanta/ros2_ws/src/mypkg/build/mypkg/build install --record /home/kanta/ros2_ws/src/mypkg/build/mypkg/install.log --single-version-externally-managed install_data
[1.151s] running egg_info
[1.152s] writing build/mypkg/mypkg.egg-info/PKG-INFO
[1.154s] writing dependency_links to build/mypkg/mypkg.egg-info/dependency_links.txt
[1.156s] writing entry points to build/mypkg/mypkg.egg-info/entry_points.txt
[1.156s] writing requirements to build/mypkg/mypkg.egg-info/requires.txt
[1.156s] writing top-level names to build/mypkg/mypkg.egg-info/top_level.txt
[1.159s] reading manifest file 'build/mypkg/mypkg.egg-info/SOURCES.txt'
[1.160s] adding license file 'LICENSE'
[1.162s] writing manifest file 'build/mypkg/mypkg.egg-info/SOURCES.txt'
[1.162s] running build
[1.162s] running build_py
[1.163s] copying mypkg/talker.py -> /home/kanta/ros2_ws/src/mypkg/build/mypkg/build/lib/mypkg
[1.164s] running install
[1.164s] running install_lib
[1.166s] copying /home/kanta/ros2_ws/src/mypkg/build/mypkg/build/lib/mypkg/talker.py -> /home/kanta/ros2_ws/src/mypkg/install/mypkg/lib/python3.10/site-packages/mypkg
[1.167s] byte-compiling /home/kanta/ros2_ws/src/mypkg/install/mypkg/lib/python3.10/site-packages/mypkg/talker.py to talker.cpython-310.pyc
[1.168s] running install_data
[1.168s] copying launch/talk_listen.launch.py -> /home/kanta/ros2_ws/src/mypkg/install/mypkg/share/mypkg
[1.169s] running install_egg_info
[1.171s] removing '/home/kanta/ros2_ws/src/mypkg/install/mypkg/lib/python3.10/site-packages/mypkg-0.0.0-py3.10.egg-info' (and everything under it)
[1.172s] Copying build/mypkg/mypkg.egg-info to /home/kanta/ros2_ws/src/mypkg/install/mypkg/lib/python3.10/site-packages/mypkg-0.0.0-py3.10.egg-info
[1.174s] running install_scripts
[1.199s] Installing listener script to /home/kanta/ros2_ws/src/mypkg/install/mypkg/lib/mypkg
[1.199s] Installing talker script to /home/kanta/ros2_ws/src/mypkg/install/mypkg/lib/mypkg
[1.199s] writing list of installed files to '/home/kanta/ros2_ws/src/mypkg/build/mypkg/install.log'
[1.226s] Invoked command in '/home/kanta/ros2_ws/src/mypkg' returned '0': CONDA_PROMPT_MODIFIER=(base) PYTHONPATH=/home/kanta/ros2_ws/src/mypkg/build/mypkg/prefix_override:/usr/lib/python3/dist-packages/colcon_core/task/python/colcon_distutils_commands:/home/kanta/ros2_ws/src/mypkg/install/mypkg/lib/python3.10/site-packages:${PYTHONPATH} /usr/bin/python3 -W ignore:setup.py install is deprecated -W ignore:easy_install command is deprecated setup.py egg_info --egg-base build/mypkg build --build-base /home/kanta/ros2_ws/src/mypkg/build/mypkg/build install --record /home/kanta/ros2_ws/src/mypkg/build/mypkg/install.log --single-version-externally-managed install_data
